make all --print-data-base --no-builtin-variables --no-builtin-rules --question
# GNU Make 3.81
# Copyright (C) 2006  Free Software Foundation, Inc.
# This is free software; see the source for copying conditions.
# There is NO warranty; not even for MERCHANTABILITY or FITNESS FOR A
# PARTICULAR PURPOSE.

# This program built for i386-apple-darwin11.3.0
 
make: *** No rule to make target `all'.  Stop.


# Make data base, printed on Wed Aug  3 11:06:10 2022

# Variables

 
# automatic
<D = $(patsubst %/,%,$(dir $<))
# automatic
?F = $(notdir $?)
# environment
ELECTRON_NO_ATTACH_CONSOLE = 1
# environment
LC_CTYPE = UTF-8
# automatic
?D = $(patsubst %/,%,$(dir $?))
# automatic
@D = $(patsubst %/,%,$(dir $@))
# automatic
@F = $(notdir $@)
# makefile
CURDIR := /Users/thomas/Workspace/VCS/github.com/loft-orbital/cuebe
# makefile
SHELL = /bin/sh
# makefile (from `Makefile', line 9)
BIN = $(addprefix $(BUILD_DIR), $(notdir $(CURDIR)))
# environment
FZF_DEFAULT_COMMAND = fd --type f --hidden --exclude .git
# environment
VSCODE_NLS_CONFIG = {"locale":"en-gb","availableLanguages":{},"_languagePackSupport":true}
# environment
_ = /usr/bin/make
# makefile (from `Makefile', line 3)
GOBUILD = $(GOCMD) build
# makefile (from `Makefile', line 1)
MAKEFILE_LIST :=  Makefile
# environment
VSCODE_AMD_ENTRYPOINT = vs/workbench/api/node/extensionHostProcess
# makefile (from `Makefile', line 13)
VERSION = dev
# environment
__CFBundleIdentifier = com.microsoft.VSCode
# environment
P9K_SSH = 0
# environment
VSCODE_CWD = /Users/thomas/Workspace/VCS/github.com/loft-orbital/cuebe
# environment
GOPROXY = https://proxy.golang.org,direct
# environment
PATH = /Users/thomas/.rd/bin:/Users/thomas/Workspace/SDKs/google-cloud-sdk/bin:/Users/thomas/.tmux:/opt/local/bin:/opt/local/sbin:/usr/local/bin:/usr/bin:/bin:/usr/sbin:/sbin:/Users/thomas/.rd/bin:/Users/thomas/Workspace/SDKs/google-cloud-sdk/bin:/Users/thomas/.tmux:/opt/local/bin:/opt/local/sbin
# environment
LSCOLORS = Gxfxcxdxbxegedabagacad
# environment
FZF_COMPLETION_TRIGGER = //
# environment
GOPATH = /Users/thomas/go
# environment
LaunchInstanceID = DB0D05DA-5D45-4C83-965E-5705D2868217
# environment
ELECTRON_RUN_AS_NODE = 1
# makefile (from `Makefile', line 12)
COMMIT = $(shell git rev-parse --short HEAD)
# default
.FEATURES := target-specific order-only second-expansion else-if archives jobserver check-symlink
# environment
SSH_AUTH_SOCK = /private/tmp/com.apple.launchd.ik0s3U0j0d/Listeners
# automatic
%F = $(notdir $%)
# environment
TMUX_PANE = %40
# environment
PWD = /Users/thomas/Workspace/VCS/github.com/loft-orbital/cuebe
# environment
ORIGINAL_XDG_CURRENT_DESKTOP = undefined
# environment
GOMODCACHE = /Users/thomas/go/pkg/mod
# environment
HOME = /Users/thomas
# default
MAKEFILEPATH = $(shell /usr/bin/xcode-select -print-path 2>/dev/null || echo /Developer)/Makefiles
# environment
VSCODE_CLI = 1
# environment
VSCODE_CODE_CACHE_PATH = /Users/thomas/Library/Application Support/Code/CachedData/3b889b090b5ad5793f524b5d1d39fda662b96a2a
# environment
TMUX_PLUGIN_MANAGER_PATH = /Users/thomas/.tmux/plugins/
# environment
LOGNAME = thomas
# environment
APPLICATION_INSIGHTS_NO_DIAGNOSTIC_CHANNEL = true
# environment
ZSH = /Users/thomas/.oh-my-zsh
# environment
VSCODE_HANDLES_UNCAUGHT_ERRORS = true
# automatic
^D = $(patsubst %/,%,$(dir $^))
# environment
XPC_FLAGS = 0x0
# default
MAKE = $(MAKE_COMMAND)
# default
MAKECMDGOALS := all
# environment
SHLVL = 4
# makefile (from `Makefile', line 8)
BUILD_DIR = bin/
# default
MAKE_VERSION := 3.81
# environment
USER = thomas
# makefile
.DEFAULT_GOAL := bin/cuebe
# environment
TERM_SESSION_ID = 04F69808-5CE3-43A8-BC34-5EBADF1844FF
# environment
LESS = -R
# automatic
%D = $(patsubst %/,%,$(dir $%))
# default
MAKE_COMMAND := /Library/Developer/CommandLineTools/usr/bin/make
# makefile (from `Makefile', line 7)
BUILD_FILES = $(shell go list -f '{{range .GoFiles}}{{$$.Dir}}/{{.}} {{end}}' ./...)
# environment
TERM_PROGRAM = tmux
# default
.VARIABLES := 
# environment
TMPDIR = /var/folders/pn/mcg_xysn51x8cm6m2y160bdh0000gn/T/
# automatic
*F = $(notdir $*)
# environment
VSCODE_IPC_HOOK = /Users/thomas/Library/Application Support/Code/1.69.2-main.sock
# environment
MallocNanoZone = 0
# makefile
MAKEFLAGS = Rrqp
# environment
MFLAGS = -Rrqp
# automatic
*D = $(patsubst %/,%,$(dir $*))
# environment
TERM_PROGRAM_VERSION = 3.2a
# environment
XPC_SERVICE_NAME = application.com.microsoft.VSCode.156427811.156427817.7F10B912-FD8C-49E8-854C-461D2046FB41
# automatic
+D = $(patsubst %/,%,$(dir $+))
# environment
TMUX = /private/tmp/tmux-501/default,1860,6
# environment
ZSH_CONTEXT = default
# automatic
+F = $(notdir $+)
# makefile (from `Makefile', line 4)
GOTEST = $(GOCMD) test
# makefile (from `Makefile', line 18)
LDFLAGS = -s -w -X "github.com/loft-orbital/cuebe/cmd/cuebe/cmd.version=$(VERSION)" -X "github.com/loft-orbital/cuebe/cmd/cuebe/cmd.commit=$(COMMIT)" -X "github.com/loft-orbital/cuebe/cmd/cuebe/cmd.date=$(DATE)"
# environment
__CF_USER_TEXT_ENCODING = 0x1F5:0x0:0x0
# environment
COMMAND_MODE = unix2003
# default
MAKEFILES := 
# automatic
<F = $(notdir $<)
# makefile (from `Makefile', line 11)
DATE = $(shell date -u "+%a %b %d %T %Y")
# environment
PAGER = less
# environment
LC_ALL = C
# environment
SECURITYSESSIONID = 186be
# environment
P9K_TTY = old
# makefile (from `Makefile', line 2)
GOCMD = go
# automatic
^F = $(notdir $^)
# default
SUFFIXES := 
# default
.INCLUDE_DIRS = /usr/local/include
# environment
MAKELEVEL := 0
# makefile (from `Makefile', line 5)
GORUN = $(GOCMD) run
# environment
LANG = C
# environment
TERM = xterm-256color
# environment
_P9K_TTY = /dev/ttys041
# environment
VSCODE_PID = 731
# variable set hash-table stats:
 
# Load=94/1024=9%, Rehash=0, Collisions=11/150=7%

# Pattern-specific Variable Values

# No pattern-specific variable values.

# Directories

# . (device 16777221, inode 26996020): 24 files, no impossibilities.

# 24 files, no impossibilities in 1 directories.

# Implicit Rules

# No implicit rules.

# Files

# Not a target:
/Users/thomas/Workspace/VCS/github.com/loft-orbital/cuebe/cmd/cuebe/prompt/yesno.go:
#  Implicit rule search has not been done.
#  Modification time never checked.
#  File has not been updated.

# Not a target:
/Users/thomas/Workspace/VCS/github.com/loft-orbital/cuebe/pkg/instance/crd.go:
#  Implicit rule search has not been done.
#  Modification time never checked.
#  File has not been updated.

# Not a target:
/Users/thomas/Workspace/VCS/github.com/loft-orbital/cuebe/pkg/context/context.go:
#  Implicit rule search has not been done.
#  Modification time never checked.
#  File has not been updated.

# Not a target:
/Users/thomas/Workspace/VCS/github.com/loft-orbital/cuebe/internal/utils/errors.go:
#  Implicit rule search has not been done.
#  Modification time never checked.
#  File has not been updated.

# Not a target:
/Users/thomas/Workspace/VCS/github.com/loft-orbital/cuebe/cmd/cuebe/cmd/install.go:
#  Implicit rule search has not been done.
#  Modification time never checked.
#  File has not been updated.

# Not a target:
/Users/thomas/Workspace/VCS/github.com/loft-orbital/cuebe/pkg/log/discard.go:
#  Implicit rule search has not been done.
#  Modification time never checked.
#  File has not been updated.

# Not a target:
/Users/thomas/Workspace/VCS/github.com/loft-orbital/cuebe/pkg/manifest/id.go:
#  Implicit rule search has not been done.
#  Modification time never checked.
#  File has not been updated.

# Not a target:
/Users/thomas/Workspace/VCS/github.com/loft-orbital/cuebe/cmd/cuebe/cmd/version.go:
#  Implicit rule search has not been done.
#  Modification time never checked.
#  File has not been updated.

# Not a target:
/Users/thomas/Workspace/VCS/github.com/loft-orbital/cuebe/pkg/log/context.go:
#  Implicit rule search has not been done.
#  Modification time never checked.
#  File has not been updated.

# Not a target:
all:
#  Command-line target.
#  Implicit rule search has been done.
#  File does not exist.
#  File has not been updated.
# variable set hash-table stats:
# Load=0/32=0%, Rehash=0, Collisions=0/0=0%

# Not a target:
/Users/thomas/Workspace/VCS/github.com/loft-orbital/cuebe/pkg/injector/types.go:
#  Implicit rule search has not been done.
#  Modification time never checked.
#  File has not been updated.

# Not a target:
/Users/thomas/Workspace/VCS/github.com/loft-orbital/cuebe/pkg/injector/inject.go:
#  Implicit rule search has not been done.
#  Modification time never checked.
#  File has not been updated.

# Not a target:
/Users/thomas/Workspace/VCS/github.com/loft-orbital/cuebe/cmd/cuebe/cmd/delete.go:
#  Implicit rule search has not been done.
#  Modification time never checked.
#  File has not been updated.

.PHONY: build test test-short bench doc godoc
#  Implicit rule search has not been done.
#  Modification time never checked.
#  File has not been updated.

# Not a target:
/Users/thomas/Workspace/VCS/github.com/loft-orbital/cuebe/cmd/cuebe/factory/buildcontext.go:
#  Implicit rule search has not been done.
#  Modification time never checked.
#  File has not been updated.

# Not a target:
/Users/thomas/Workspace/VCS/github.com/loft-orbital/cuebe/pkg/unifier/readfile.go:
#  Implicit rule search has not been done.
#  Modification time never checked.
#  File has not been updated.

# Not a target:
/Users/thomas/Workspace/VCS/github.com/loft-orbital/cuebe/cmd/cuebe/cmd/mod/vendor.go:
#  Implicit rule search has not been done.
#  Modification time never checked.
#  File has not been updated.

# Not a target:
/Users/thomas/Workspace/VCS/github.com/loft-orbital/cuebe/pkg/modfile/types.go:
#  Implicit rule search has not been done.
#  Modification time never checked.
#  File has not been updated.

# Not a target:
/Users/thomas/Workspace/VCS/github.com/loft-orbital/cuebe/doc/cli/nav.go:
#  Implicit rule search has not been done.
#  Modification time never checked.
#  File has not been updated.

# Not a target:
/Users/thomas/Workspace/VCS/github.com/loft-orbital/cuebe/pkg/build/build.go:
#  Implicit rule search has not been done.
#  Modification time never checked.
#  File has not been updated.

# Not a target:
.SUFFIXES:
#  Implicit rule search has not been done.
#  Modification time never checked.
#  File has not been updated.

# Not a target:
/Users/thomas/Workspace/VCS/github.com/loft-orbital/cuebe/internal/mvs/mvs.go:
#  Implicit rule search has not been done.
#  Modification time never checked.
#  File has not been updated.

# Not a target:
Makefile:
#  Implicit rule search has been done.
#  Last modified 2021-12-08 00:27:33
#  File has been updated.
#  Successfully updated.
# variable set hash-table stats:
# Load=0/32=0%, Rehash=0, Collisions=0/0=0%

# Not a target:
/Users/thomas/Workspace/VCS/github.com/loft-orbital/cuebe/doc/main.go:
#  Implicit rule search has not been done.
#  Modification time never checked.
#  File has not been updated.

# Not a target:
/Users/thomas/Workspace/VCS/github.com/loft-orbital/cuebe/pkg/injector/file.go:
#  Implicit rule search has not been done.
#  Modification time never checked.
#  File has not been updated.

# Not a target:
/Users/thomas/Workspace/VCS/github.com/loft-orbital/cuebe/doc/cli/cli.go:
#  Implicit rule search has not been done.
#  Modification time never checked.
#  File has not been updated.

test: /Users/thomas/Workspace/VCS/github.com/loft-orbital/cuebe/cmd/cuebe/main.go /Users/thomas/Workspace/VCS/github.com/loft-orbital/cuebe/cmd/cuebe/cmd/apply.go /Users/thomas/Workspace/VCS/github.com/loft-orbital/cuebe/cmd/cuebe/cmd/delete.go /Users/thomas/Workspace/VCS/github.com/loft-orbital/cuebe/cmd/cuebe/cmd/export.go /Users/thomas/Workspace/VCS/github.com/loft-orbital/cuebe/cmd/cuebe/cmd/install.go /Users/thomas/Workspace/VCS/github.com/loft-orbital/cuebe/cmd/cuebe/cmd/pack.go /Users/thomas/Workspace/VCS/github.com/loft-orbital/cuebe/cmd/cuebe/cmd/root.go /Users/thomas/Workspace/VCS/github.com/loft-orbital/cuebe/cmd/cuebe/cmd/version.go /Users/thomas/Workspace/VCS/github.com/loft-orbital/cuebe/cmd/cuebe/cmd/mod/gen.go /Users/thomas/Workspace/VCS/github.com/loft-orbital/cuebe/cmd/cuebe/cmd/mod/root.go /Users/thomas/Workspace/VCS/github.com/loft-orbital/cuebe/cmd/cuebe/cmd/mod/vendor.go /Users/thomas/Workspace/VCS/github.com/loft-orbital/cuebe/cmd/cuebe/factory/build.go /Users/thomas/Workspace/VCS/github.com/loft-orbital/cuebe/cmd/cuebe/factory/buildcontext.go /Users/thomas/Workspace/VCS/github.com/loft-orbital/cuebe/cmd/cuebe/factory/metaoptions.go /Users/thomas/Workspace/VCS/github.com/loft-orbital/cuebe/cmd/cuebe/factory/prerun.go /Users/thomas/Workspace/VCS/github.com/loft-orbital/cuebe/cmd/cuebe/prompt/yesno.go /Users/thomas/Workspace/VCS/github.com/loft-orbital/cuebe/doc/main.go /Users/thomas/Workspace/VCS/github.com/loft-orbital/cuebe/doc/cli/cli.go /Users/thomas/Workspace/VCS/github.com/loft-orbital/cuebe/doc/cli/nav.go /Users/thomas/Workspace/VCS/github.com/loft-orbital/cuebe/internal/gen/go.go /Users/thomas/Workspace/VCS/github.com/loft-orbital/cuebe/internal/mock/cluster.go /Users/thomas/Workspace/VCS/github.com/loft-orbital/cuebe/internal/mod/cache.go /Users/thomas/Workspace/VCS/github.com/loft-orbital/cuebe/internal/mod/get.go /Users/thomas/Workspace/VCS/github.com/loft-orbital/cuebe/internal/mod/meta.go /Users/thomas/Workspace/VCS/github.com/loft-orbital/cuebe/internal/mod/mvs.go /Users/thomas 
/Workspace/VCS/github.com/loft-orbital/cuebe/internal/mod/netrc.go /Users/thomas/Workspace/VCS/github.com/loft-orbital/cuebe/internal/mod/private.go /Users/thomas/Workspace/VCS/github.com/loft-orbital/cuebe/internal/mvs/mvs.go /Users/thomas/Workspace/VCS/github.com/loft-orbital/cuebe/internal/utils/errors.go /Users/thomas/Workspace/VCS/github.com/loft-orbital/cuebe/internal/utils/k8s.go /Users/thomas/Workspace/VCS/github.com/loft-orbital/cuebe/pkg/build/build.go /Users/thomas/Workspace/VCS/github.com/loft-orbital/cuebe/pkg/context/context.go /Users/thomas/Workspace/VCS/github.com/loft-orbital/cuebe/pkg/injector/error.go /Users/thomas/Workspace/VCS/github.com/loft-orbital/cuebe/pkg/injector/file.go /Users/thomas/Workspace/VCS/github.com/loft-orbital/cuebe/pkg/injector/inject.go /Users/thomas/Workspace/VCS/github.com/loft-orbital/cuebe/pkg/injector/types.go /Users/thomas/Workspace/VCS/github.com/loft-orbital/cuebe/pkg/instance/crd.go /Users/thomas/Workspace/VCS/github.com/loft-orbital/cuebe/pkg/instance/instance.go /Users/thomas/Workspace/VCS/github.com/loft-orbital/cuebe/pkg/instance/named.go /Users/thomas/Workspace/VCS/github.com/loft-orbital/cuebe/pkg/instance/orphan.go /Users/thomas/Workspace/VCS/github.com/loft-orbital/cuebe/pkg/log/context.go /Users/thomas/Workspace/VCS/github.com/loft-orbital/cuebe/pkg/log/discard.go /Users/thomas/Workspace/VCS/github.com/loft-orbital/cuebe/pkg/log/interface.go /Users/thomas/Workspace/VCS/github.com/loft-orbital/cuebe/pkg/log/io.go /Users/thomas/Workspace/VCS/github.com/loft-orbital/cuebe/pkg/manifest/extract.go /Users/thomas/Workspace/VCS/github.com/loft-orbital/cuebe/pkg/manifest/id.go /Users/thomas/Workspace/VCS/github.com/loft-orbital/cuebe/pkg/manifest/instance.go /Users/thomas/Workspace/VCS/github.com/loft-orbital/cuebe/pkg/manifest/manifest.go /Users/thomas/Workspace/VCS/github.com/loft-orbital/cuebe/pkg/manifest/operation.go /Users/thomas/Workspace/VCS/github.com/loft-orbital/cuebe/pkg/modfile/parse.go /Users/thomas/Workspace/VCS/github.com/loft-orbital/cuebe/pkg/modfile/types.go /Users/thomas/Workspace/VCS/github.com/loft-orbital/cuebe/pkg/unifier/marshal.go /Users/thomas/Workspace/VCS/github.com/loft-orbital/cuebe/pkg/unifier/readfile.go /Users/thomas/Workspace/VCS/github.com/loft-orbital/cuebe/pkg/unifier/unifier.go
#  Phony target (prerequisite of .PHONY).
#  Implicit rule search has not been done.
#  File does not exist.
#  File has not been updated.
#  commands to execute (from `Makefile', line 26):
	$(GOTEST) -cover -race ./... -coverprofile c.out -timeout 10s
	

# Not a target:
/Users/thomas/Workspace/VCS/github.com/loft-orbital/cuebe/cmd/cuebe/main.go:
#  Implicit rule search has not been done.
#  Modification time never checked.
#  File has not been updated.

# Not a target:
/Users/thomas/Workspace/VCS/github.com/loft-orbital/cuebe/cmd/cuebe/cmd/mod/root.go:
#  Implicit rule search has not been done.
#  Modification time never checked.
#  File has not been updated.

build: bin/cuebe
#  Phony target (prerequisite of .PHONY).
#  Implicit rule search has not been done.
#  File does not exist.
#  File has not been updated.

# Not a target:
/Users/thomas/Workspace/VCS/github.com/loft-orbital/cuebe/internal/mod/meta.go:
#  Implicit rule search has not been done.
#  Modification time never checked.
#  File has not been updated.

# Not a target:
/Users/thomas/Workspace/VCS/github.com/loft-orbital/cuebe/internal/gen/go.go:
#  Implicit rule search has not been done.
#  Modification time never checked.
#  File has not been updated.

# Not a target:
/Users/thomas/Workspace/VCS/github.com/loft-orbital/cuebe/cmd/cuebe/factory/metaoptions.go:
#  Implicit rule search has not been done.
#  Modification time never checked.
#  File has not been updated.

# Not a target:
/Users/thomas/Workspace/VCS/github.com/loft-orbital/cuebe/pkg/instance/orphan.go:
#  Implicit rule search has not been done.
#  Modification time never checked.
#  File has not been updated.

# Not a target:
/Users/thomas/Workspace/VCS/github.com/loft-orbital/cuebe/internal/mod/cache.go:
#  Implicit rule search has not been done.
#  Modification time never checked.
#  File has not been updated.

# Not a target:
/Users/thomas/Workspace/VCS/github.com/loft-orbital/cuebe/pkg/manifest/manifest.go:
#  Implicit rule search has not been done.
#  Modification time never checked.
#  File has not been updated.

# Not a target:
/Users/thomas/Workspace/VCS/github.com/loft-orbital/cuebe/cmd/cuebe/factory/prerun.go:
#  Implicit rule search has not been done.
#  Modification time never checked.
#  File has not been updated.

# Not a target:
/Users/thomas/Workspace/VCS/github.com/loft-orbital/cuebe/cmd/cuebe/cmd/mod/gen.go:
#  Implicit rule search has not been done.
#  Modification time never checked.
#  File has not been updated.

# Not a target:
/Users/thomas/Workspace/VCS/github.com/loft-orbital/cuebe/pkg/manifest/extract.go:
#  Implicit rule search has not been done.
#  Modification time never checked.
#  File has not been updated.

# Not a target:
/Users/thomas/Workspace/VCS/github.com/loft-orbital/cuebe/internal/mod/netrc.go:
#  Implicit rule search has not been done.
#  Modification time never checked.
#  File has not been updated.

# Not a target:
/Users/thomas/Workspace/VCS/github.com/loft-orbital/cuebe/pkg/unifier/marshal.go:
#  Implicit rule search has not been done.
#  Modification time never checked.
#  File has not been updated.

# Not a target:
/Users/thomas/Workspace/VCS/github.com/loft-orbital/cuebe/internal/mod/private.go:
#  Implicit rule search has not been done.
#  Modification time never checked.
#  File has not been updated.

# Not a target:
.DEFAULT:
#  Implicit rule search has not been done.
#  Modification time never checked.
#  File has not been updated.

# Not a target:
/Users/thomas/Workspace/VCS/github.com/loft-orbital/cuebe/cmd/cuebe/cmd/root.go:
#  Implicit rule search has not been done.
#  Modification time never checked.
#  File has not been updated.

test-short: /Users/thomas/Workspace/VCS/github.com/loft-orbital/cuebe/cmd/cuebe/main.go /Users/thomas/Workspace/VCS/github.com/loft-orbital/cuebe/cmd/cuebe/cmd/apply.go /Users/thomas/Workspace/VCS/github.com/loft-orbital/cuebe/cmd/cuebe/cmd/delete.go /Users/thomas/Workspace/VCS/github.com/loft-orbital/cuebe/cmd/cuebe/cmd/export.go /Users/thomas/Workspace/VCS/github.com/loft-orbital/cuebe/cmd/cuebe/cmd/install.go /Users/thomas/Workspace/VCS/github.com/loft-orbital/cuebe/cmd/cuebe/cmd/pack.go /Users/thomas/Workspace/VCS/github.com/loft-orbital/cuebe/cmd/cuebe/cmd/root.go /Users/thomas/Workspace/VCS/github.com/loft-orbital/cuebe/cmd/cuebe/cmd/version.go /Users/thomas/Workspace/VCS/github.com/loft-orbital/cuebe/cmd/cuebe/cmd/mod/gen.go /Users/thomas/Workspace/VCS/github.com/loft-orbital/cuebe/cmd/cuebe/cmd/mod/root.go /Users/thomas/Workspace/VCS/github.com/loft-orbital/cuebe/cmd/cuebe/cmd/mod/vendor.go /Users/thomas/Workspace/VCS/github.com/loft-orbital/cuebe/cmd/cuebe/factory/build.go /Users/thomas/Workspace/VCS/github.com/loft-orbital/cuebe/cmd/cuebe/factory/buildcontext.go /Users/thomas/Workspace/VCS/github.com/loft-orbital/cuebe/cmd/cuebe/factory/metaoptions.go /Users/thomas/Workspace/VCS/github.com/loft-orbital/cuebe/cmd/cuebe/factory/prerun.go /Users/thomas/Workspace/VCS/github.com/loft-orbital/cuebe/cmd/cuebe/prompt/yesno.go /Users/thomas/Workspace/VCS/github.com/loft-orbital/cuebe/doc/main.go /Users/thomas/Workspace/VCS/github.com/loft-orbital/cuebe/doc/cli/cli.go /Users/thomas/Workspace/VCS/github.com/loft-orbital/cuebe/doc/cli/nav.go /Users/thomas/Workspace/VCS/github.com/loft-orbital/cuebe/internal/gen/go.go /Users/thomas/Workspace/VCS/github.com/loft-orbital/cuebe/internal/mock/cluster.go /Users/thomas/Workspace/VCS/github.com/loft-orbital/cuebe/internal/mod/cache.go /Users/thomas/Workspace/VCS/github.com/loft-orbital/cuebe/internal/mod/get.go /Users/thomas/Workspace/VCS/github.com/loft-orbital/cuebe/internal/mod/meta.go /Users/thomas/Workspace/VCS/github.com/loft-orbital/cuebe/internal/mod/mvs.go /Users/ 
thomas/Workspace/VCS/github.com/loft-orbital/cuebe/internal/mod/netrc.go /Users/thomas/Workspace/VCS/github.com/loft-orbital/cuebe/internal/mod/private.go /Users/thomas/Workspace/VCS/github.com/loft-orbital/cuebe/internal/mvs/mvs.go /Users/thomas/Workspace/VCS/github.com/loft-orbital/cuebe/internal/utils/errors.go /Users/thomas/Workspace/VCS/github.com/loft-orbital/cuebe/internal/utils/k8s.go /Users/thomas/Workspace/VCS/github.com/loft-orbital/cuebe/pkg/build/build.go /Users/thomas/Workspace/VCS/github.com/loft-orbital/cuebe/pkg/context/context.go /Users/thomas/Workspace/VCS/github.com/loft-orbital/cuebe/pkg/injector/error.go /Users/thomas/Workspace/VCS/github.com/loft-orbital/cuebe/pkg/injector/file.go /Users/thomas/Workspace/VCS/github.com/loft-orbital/cuebe/pkg/injector/inject.go /Users/thomas/Workspace/VCS/github.com/loft-orbital/cuebe/pkg/injector/types.go /Users/thomas/Workspace/VCS/github.com/loft-orbital/cuebe/pkg/instance/crd.go /Users/thomas/Workspace/VCS/github.com/loft-orbital/cuebe/pkg/instance/instance.go /Users/thomas/Workspace/VCS/github.com/loft-orbital/cuebe/pkg/instance/named.go /Users/thomas/Workspace/VCS/github.com/loft-orbital/cuebe/pkg/instance/orphan.go /Users/thomas/Workspace/VCS/github.com/loft-orbital/cuebe/pkg/log/context.go /Users/thomas/Workspace/VCS/github.com/loft-orbital/cuebe/pkg/log/discard.go /Users/thomas/Workspace/VCS/github.com/loft-orbital/cuebe/pkg/log/interface.go /Users/thomas/Workspace/VCS/github.com/loft-orbital/cuebe/pkg/log/io.go /Users/thomas/Workspace/VCS/github.com/loft-orbital/cuebe/pkg/manifest/extract.go /Users/thomas/Workspace/VCS/github.com/loft-orbital/cuebe/pkg/manifest/id.go /Users/thomas/Workspace/VCS/github.com/loft-orbital/cuebe/pkg/manifest/instance.go /Users/thomas/Workspace/VCS/github.com/loft-orbital/cuebe/pkg/manifest/manifest.go /Users/thomas/Workspace/VCS/github.com/loft-orbital/cuebe/pkg/manifest/operation.go /Users/thomas/Workspace/VCS/github.com/loft-orbital/cuebe/pkg/modfile/parse.go /Users/thomas/Workspace/VCS/github.com/loft-orbital/cuebe/pkg/modfile/types.go /Users/thomas/Workspace/VCS/github.com/loft-orbital/cuebe/pkg/unifier/marshal.go /Users/thomas/Workspace/VCS/github.com/loft-orbital/cuebe/pkg/unifier/readfile.go /Users/thomas/Workspace/VCS/github.com/loft-orbital/cuebe/pkg/unifier/unifier.go
#  Phony target (prerequisite of .PHONY).
#  Implicit rule search has not been done.
#  File does not exist.
#  File has not been updated.
#  commands to execute (from `Makefile', line 30):
	$(GOTEST) -short ./...  -coverprofile c.out
	

bin/cuebe: /Users/thomas/Workspace/VCS/github.com/loft-orbital/cuebe/cmd/cuebe/main.go /Users/thomas/Workspace/VCS/github.com/loft-orbital/cuebe/cmd/cuebe/cmd/apply.go /Users/thomas/Workspace/VCS/github.com/loft-orbital/cuebe/cmd/cuebe/cmd/delete.go /Users/thomas/Workspace/VCS/github.com/loft-orbital/cuebe/cmd/cuebe/cmd/export.go /Users/thomas/Workspace/VCS/github.com/loft-orbital/cuebe/cmd/cuebe/cmd/install.go /Users/thomas/Workspace/VCS/github.com/loft-orbital/cuebe/cmd/cuebe/cmd/pack.go /Users/thomas/Workspace/VCS/github.com/loft-orbital/cuebe/cmd/cuebe/cmd/root.go /Users/thomas/Workspace/VCS/github.com/loft-orbital/cuebe/cmd/cuebe/cmd/version.go /Users/thomas/Workspace/VCS/github.com/loft-orbital/cuebe/cmd/cuebe/cmd/mod/gen.go /Users/thomas/Workspace/VCS/github.com/loft-orbital/cuebe/cmd/cuebe/cmd/mod/root.go /Users/thomas/Workspace/VCS/github.com/loft-orbital/cuebe/cmd/cuebe/cmd/mod/vendor.go /Users/thomas/Workspace/VCS/github.com/loft-orbital/cuebe/cmd/cuebe/factory/build.go /Users/thomas/Workspace/VCS/github.com/loft-orbital/cuebe/cmd/cuebe/factory/buildcontext.go /Users/thomas/Workspace/VCS/github.com/loft-orbital/cuebe/cmd/cuebe/factory/metaoptions.go /Users/thomas/Workspace/VCS/github.com/loft-orbital/cuebe/cmd/cuebe/factory/prerun.go /Users/thomas/Workspace/VCS/github.com/loft-orbital/cuebe/cmd/cuebe/prompt/yesno.go /Users/thomas/Workspace/VCS/github.com/loft-orbital/cuebe/doc/main.go /Users/thomas/Workspace/VCS/github.com/loft-orbital/cuebe/doc/cli/cli.go /Users/thomas/Workspace/VCS/github.com/loft-orbital/cuebe/doc/cli/nav.go /Users/thomas/Workspace/VCS/github.com/loft-orbital/cuebe/internal/gen/go.go /Users/thomas/Workspace/VCS/github.com/loft-orbital/cuebe/internal/mock/cluster.go /Users/thomas/Workspace/VCS/github.com/loft-orbital/cuebe/internal/mod/cache.go /Users/thomas/Workspace/VCS/github.com/loft-orbital/cuebe/internal/mod/get.go /Users/thomas/Workspace/VCS/github.com/loft-orbital/cuebe/internal/mod/meta.go /Users/thomas/Workspace/VCS/github.com/loft-orbital/cuebe/internal/mod/mvs.go /Users/thomas/Workspace/VCS/github.com/loft-orbital/cuebe/internal/mod/netrc.go /Users/thomas/Workspace/VCS/github.com/loft-orbital/cuebe/internal/mod/private.go /Users/thomas/Workspace/VCS/github.com/loft-orbital/cuebe/internal/mvs/mvs.go /Users/thomas/Workspace/VCS/github.com/loft-orbital/cuebe/internal/utils/errors.go /Users/thomas/Workspace/VCS/github.com/loft-orbital/cuebe/internal/utils/k8s.go /Users/thomas/Workspace/VCS/github.com/loft-orbital/cuebe/pkg/build/build.go /Users/thomas/Workspace/VCS/github.com/loft-orbital/cuebe/pkg/context/context.go /Users/thomas/Workspace/VCS/github.com/loft-orbital/cuebe/pkg/injector/error.go /Users/thomas/Workspace/VCS/github.com/loft-orbital/cuebe/pkg/injector/file.go /Users/thomas/Workspace/VCS/github.com/loft-orbital/cuebe/pkg/injector/inject.go /Users/thomas/Workspace/VCS/github.com/loft-orbital/cuebe/pkg/injector/types.go /Users/thomas/Workspace/VCS/github.com/loft-orbital/cuebe/pkg/instance/crd.go /Users/thomas/Workspace/VCS/github.com/loft-orbital/cuebe/pkg/instance/instance.go /Users/thomas/Workspace/VCS/github.com/loft-orbital/cuebe/pkg/instance/named.go /Users/thomas/Workspace/VCS/github.com/loft-orbital/cuebe/pkg/instance/orphan.go /Users/thomas/Workspace/VCS/github.com/loft-orbital/cuebe/pkg/log/context.go /Users/thomas/Workspace/VCS/github.com/loft-orbital/cuebe/pkg/log/discard.go /Users/thomas/Workspace/VCS/github.com/loft-orbital/cuebe/pkg/log/interface.go /Users/thomas/Workspace/VCS/github.com/loft-orbital/cuebe/pkg/log/io.go /Users/thomas/Workspace/VCS/github.com/loft-orbital/cuebe/pkg/manifest/extract.go /Users/thomas/Workspace/VCS/github.com/loft-orbital/cuebe/pkg/manifest/id.go /Users/thomas/Workspace/VCS/github.com/loft-orbital/cuebe/pkg/manifest/instance.go /Users/thomas/Workspace/VCS/github.com/loft-orbital/cuebe/pkg/manifest/manifest.go /Users/thomas/Workspace/VCS/github.com/loft-orbital/cuebe/pkg/manifest/operation.go /Users/thomas/Workspace/VCS/github.com/loft-orbital/cuebe/pkg/modfile/parse.go /Users/thomas/Workspace/VCS/github.com/loft-orbital/cuebe/pkg/modfile/types.go /Users/thomas/Workspace/VCS/github.com/loft-orbital/cuebe/pkg/unifier/marshal.go /Users/thomas/Workspace/VCS/github.com/loft-orbital/cuebe/pkg/unifier/readfile.go /Users/thomas/Workspace/VCS/github.com/loft-orbital/cuebe/pkg/unifier/unifier.go
#  Implicit rule search has not been done.
#  Modification time never checked.
#  File has not been updated.
#  commands to execute (from `Makefile', line 21):
	$(GOBUILD) -trimpath -o "$@" -ldflags='$(LDFLAGS)' cmd/cuebe/main.go
	

# Not a target:
/Users/thomas/Workspace/VCS/github.com/loft-orbital/cuebe/pkg/log/interface.go:
#  Implicit rule search has not been done.
#  Modification time never checked.
#  File has not been updated.

# Not a target:
/Users/thomas/Workspace/VCS/github.com/loft-orbital/cuebe/pkg/manifest/operation.go:
#  Implicit rule search has not been done.
#  Modification time never checked.
#  File has not been updated.

 
godoc: /Users/thomas/Workspace/VCS/github.com/loft-orbital/cuebe/cmd/cuebe/main.go /Users/thomas/Workspace/VCS/github.com/loft-orbital/cuebe/cmd/cuebe/cmd/apply.go /Users/thomas/Workspace/VCS/github.com/loft-orbital/cuebe/cmd/cuebe/cmd/delete.go /Users/thomas/Workspace/VCS/github.com/loft-orbital/cuebe/cmd/cuebe/cmd/export.go /Users/thomas/Workspace/VCS/github.com/loft-orbital/cuebe/cmd/cuebe/cmd/install.go /Users/thomas/Workspace/VCS/github.com/loft-orbital/cuebe/cmd/cuebe/cmd/pack.go /Users/thomas/Workspace/VCS/github.com/loft-orbital/cuebe/cmd/cuebe/cmd/root.go /Users/thomas/Workspace/VCS/github.com/loft-orbital/cuebe/cmd/cuebe/cmd/version.go /Users/thomas/Workspace/VCS/github.com/loft-orbital/cuebe/cmd/cuebe/cmd/mod/gen.go /Users/thomas/Workspace/VCS/github.com/loft-orbital/cuebe/cmd/cuebe/cmd/mod/root.go /Users/thomas/Workspace/VCS/github.com/loft-orbital/cuebe/cmd/cuebe/cmd/mod/vendor.go /Users/thomas/Workspace/VCS/github.com/loft-orbital/cuebe/cmd/cuebe/factory/build.go /Users/thomas/Workspace/VCS/github.com/loft-orbital/cuebe/cmd/cuebe/factory/buildcontext.go /Users/thomas/Workspace/VCS/github.com/loft-orbital/cuebe/cmd/cuebe/factory/metaoptions.go /Users/thomas/Workspace/VCS/github.com/loft-orbital/cuebe/cmd/cuebe/factory/prerun.go /Users/thomas/Workspace/VCS/github.com/loft-orbital/cuebe/cmd/cuebe/prompt/yesno.go /Users/thomas/Workspace/VCS/github.com/loft-orbital/cuebe/doc/main.go /Users/thomas/Workspace/VCS/github.com/loft-orbital/cuebe/doc/cli/cli.go /Users/thomas/Workspace/VCS/github.com/loft-orbital/cuebe/doc/cli/nav.go /Users/thomas/Workspace/VCS/github.com/loft-orbital/cuebe/internal/gen/go.go /Users/thomas/Workspace/VCS/github.com/loft-orbital/cuebe/internal/mock/cluster.go /Users/thomas/Workspace/VCS/github.com/loft-orbital/cuebe/internal/mod/cache.go /Users/thomas/Workspace/VCS/github.com/loft-orbital/cuebe/internal/mod/get.go /Users/thomas/Workspace/VCS/github.com/loft-orbital/cuebe/internal/mod/meta.go /Users/thomas/Workspace/VCS/github.com/loft-orbital/cuebe/internal/mod/mvs.go /Users/thomas/Workspace/VCS/github.com/loft-orbital/cuebe/internal/mod/netrc.go /Users/thomas/Workspace/VCS/github.com/loft-orbital/cuebe/internal/mod/private.go /Users/thomas/Workspace/VCS/github.com/loft-orbital/cuebe/internal/mvs/mvs.go /Users/thomas/Workspace/VCS/github.com/loft-orbital/cuebe/internal/utils/errors.go /Users/thomas/Workspace/VCS/github.com/loft-orbital/cuebe/internal/utils/k8s.go /Users/thomas/Workspace/VCS/github.com/loft-orbital/cuebe/pkg/build/build.go /Users/thomas/Workspace/VCS/github.com/loft-orbital/cuebe/pkg/context/context.go /Users/thomas/Workspace/VCS/github.com/loft-orbital/cuebe/pkg/injector/error.go /Users/thomas/Workspace/VCS/github.com/loft-orbital/cuebe/pkg/injector/file.go /Users/thomas/Workspace/VCS/github.com/loft-orbital/cuebe/pkg/injector/inject.go /Users/thomas/Workspace/VCS/github.com/loft-orbital/cuebe/pkg/injector/types.go /Users/thomas/Workspace/VCS/github.com/loft-orbital/cuebe/pkg/instance/crd.go /Users/thomas/Workspace/VCS/github.com/loft-orbital/cuebe/pkg/instance/instance.go /Users/thomas/Workspace/VCS/github.com/loft-orbital/cuebe/pkg/instance/named.go /Users/thomas/Workspace/VCS/github.com/loft-orbital/cuebe/pkg/instance/orphan.go /Users/thomas/Workspace/VCS/github.com/loft-orbital/cuebe/pkg/log/context.go /Users/thomas/Workspace/VCS/github.com/loft-orbital/cuebe/pkg/log/discard.go /Users/thomas/Workspace/VCS/github.com/loft-orbital/cuebe/pkg/log/interface.go /Users/thomas/Workspace/VCS/github.com/loft-orbital/cuebe/pkg/log/io.go /Users/thomas/Workspace/VCS/github.com/loft-orbital/cuebe/pkg/manifest/extract.go /Users/thomas/Workspace/VCS/github.com/loft-orbital/cuebe/pkg/manifest/id.go /Users/thomas/Workspace/VCS/github.com/loft-orbital/cuebe/pkg/manifest/instance.go /Users/thomas/Workspace/VCS/github.com/loft-orbital/cuebe/pkg/manifest/manifest.go /Users/thomas/Workspace/VCS/github.com/loft-orbital/cuebe/pkg/manifest/operation.go /Users/thomas/Workspace/VCS/github.com/loft-orbital/cuebe/pkg/modfile/parse.go /Users/thomas/Workspace/VCS/github.com/loft-orbital/cuebe/pkg/modfile/types.go /Users/thomas/Workspace/VCS/github.com/loft-orbital/cuebe/pkg/unifier/marshal.go /Users/thomas/Workspace/VCS/github.com/loft-orbital/cuebe/pkg/unifier/readfile.go /Users/thomas/Workspace/VCS/github.com/loft-orbital/cuebe/pkg/unifier/unifier.go
#  Phony target (prerequisite of .PHONY).
#  Implicit rule search has not been done.
#  File does not exist.
#  File has not been updated.
#  commands to execute (from `Makefile', line 42):
	$(GOCMD) doc -all
	

# Not a target:
/Users/thomas/Workspace/VCS/github.com/loft-orbital/cuebe/cmd/cuebe/cmd/pack.go:
#  Implicit rule search has not been done.
#  Modification time never checked.
#  File has not been updated.

# Not a target:
/Users/thomas/Workspace/VCS/github.com/loft-orbital/cuebe/pkg/injector/error.go:
#  Implicit rule search has not been done.
#  Modification time never checked.
#  File has not been updated.

# Not a target:
/Users/thomas/Workspace/VCS/github.com/loft-orbital/cuebe/cmd/cuebe/cmd/export.go:
#  Implicit rule search has not been done.
#  Modification time never checked.
#  File has not been updated.

# Not a target:
/Users/thomas/Workspace/VCS/github.com/loft-orbital/cuebe/internal/utils/k8s.go:
#  Implicit rule search has not been done.
#  Modification time never checked.
#  File has not been updated.

# Not a target:
/Users/thomas/Workspace/VCS/github.com/loft-orbital/cuebe/internal/mock/cluster.go:
#  Implicit rule search has not been done.
#  Modification time never checked.
#  File has not been updated.

# Not a target:
/Users/thomas/Workspace/VCS/github.com/loft-orbital/cuebe/pkg/log/io.go:
#  Implicit rule search has not been done.
#  Modification time never checked.
#  File has not been updated.

# Not a target:
/Users/thomas/Workspace/VCS/github.com/loft-orbital/cuebe/pkg/manifest/instance.go:
#  Implicit rule search has not been done.
#  Modification time never checked.
#  File has not been updated.

bench: /Users/thomas/Workspace/VCS/github.com/loft-orbital/cuebe/cmd/cuebe/main.go /Users/thomas/Workspace/VCS/github.com/loft-orbital/cuebe/cmd/cuebe/cmd/apply.go /Users/thomas/Workspace/VCS/github.com/loft-orbital/cuebe/cmd/cuebe/cmd/delete.go /Users/thomas/Workspace/VCS/github.com/loft-orbital/cuebe/cmd/cuebe/cmd/export.go /Users/thomas/Workspace/VCS/github.com/loft-orbital/cuebe/cmd/cuebe/cmd/install.go /Users/thomas/Workspace/VCS/github.com/loft-orbital/cuebe/cmd/cuebe/cmd/pack.go /Users/thomas/Workspace/VCS/github.com/loft-orbital/cuebe/cmd/cuebe/cmd/root.go /Users/thomas/Workspace/VCS/github.com/loft-orbital/cuebe/cmd/cuebe/cmd/version.go /Users/thomas/Workspace/VCS/github.com/loft-orbital/cuebe/cmd/cuebe/cmd/mod/gen.go /Users/thomas/Workspace/VCS/github.com/loft-orbital/cuebe/cmd/cuebe/cmd/mod/root.go /Users/thomas/Workspace/VCS/github.com/loft-orbital/cuebe/cmd/cuebe/cmd/mod/vendor.go /Users/thomas/Workspace/VCS/github.com/loft-orbital/cuebe/cmd/cuebe/factory/build.go /Users/thomas/Workspace/VCS/github.com/loft-orbital/cuebe/cmd/cuebe/factory/buildcontext.go /Users/thomas/Workspace/VCS/github.com/loft-orbital/cuebe/cmd/cuebe/factory/metaoptions.go /Users/thomas/Workspace/VCS/github.com/loft-orbital/cuebe/cmd/cuebe/factory/prerun.go /Users/thomas/Workspace/VCS/github.com/loft-orbital/cuebe/cmd/cuebe/prompt/yesno.go /Users/thomas/Workspace/VCS/github.com/loft-orbital/cuebe/doc/main.go /Users/thomas/Workspace/VCS/github.com/loft-orbital/cuebe/doc/cli/cli.go /Users/thomas/Workspace/VCS/github.com/loft-orbital/cuebe/doc/cli/nav.go /Users/thomas/Workspace/VCS/github.com/loft-orbital/cuebe/internal/gen/go.go /Users/thomas/Workspace/VCS/github.com/loft-orbital/cuebe/internal/mock/cluster.go /Users/thomas/Workspace/VCS/github.com/loft-orbital/cuebe/internal/mod/cache.go /Users/thomas/Workspace/VCS/github.com/loft-orbital/cuebe/internal/mod/get.go /Users/thomas/Workspace/VCS/github.com/loft-orbital/cuebe/internal/mod/meta.go /Users/thomas/Workspace/VCS/github.com/loft-orbital/cuebe/internal/mod/mvs.go /Users/thoma 
s/Workspace/VCS/github.com/loft-orbital/cuebe/internal/mod/netrc.go /Users/thomas/Workspace/VCS/github.com/loft-orbital/cuebe/internal/mod/private.go /Users/thomas/Workspace/VCS/github.com/loft-orbital/cuebe/internal/mvs/mvs.go /Users/thomas/Workspace/VCS/github.com/loft-orbital/cuebe/internal/utils/errors.go /Users/thomas/Workspace/VCS/github.com/loft-orbital/cuebe/internal/utils/k8s.go /Users/thomas/Workspace/VCS/github.com/loft-orbital/cuebe/pkg/build/build.go /Users/thomas/Workspace/VCS/github.com/loft-orbital/cuebe/pkg/context/context.go /Users/thomas/Workspace/VCS/github.com/loft-orbital/cuebe/pkg/injector/error.go /Users/thomas/Workspace/VCS/github.com/loft-orbital/cuebe/pkg/injector/file.go /Users/thomas/Workspace/VCS/github.com/loft-orbital/cuebe/pkg/injector/inject.go /Users/thomas/Workspace/VCS/github.com/loft-orbital/cuebe/pkg/injector/types.go /Users/thomas/Workspace/VCS/github.com/loft-orbital/cuebe/pkg/instance/crd.go /Users/thomas/Workspace/VCS/github.com/loft-orbital/cuebe/pkg/instance/instance.go /Users/thomas/Workspace/VCS/github.com/loft-orbital/cuebe/pkg/instance/named.go /Users/thomas/Workspace/VCS/github.com/loft-orbital/cuebe/pkg/instance/orphan.go /Users/thomas/Workspace/VCS/github.com/loft-orbital/cuebe/pkg/log/context.go /Users/thomas/Workspace/VCS/github.com/loft-orbital/cuebe/pkg/log/discard.go /Users/thomas/Workspace/VCS/github.com/loft-orbital/cuebe/pkg/log/interface.go /Users/thomas/Workspace/VCS/github.com/loft-orbital/cuebe/pkg/log/io.go /Users/thomas/Workspace/VCS/github.com/loft-orbital/cuebe/pkg/manifest/extract.go /Users/thomas/Workspace/VCS/github.com/loft-orbital/cuebe/pkg/manifest/id.go /Users/thomas/Workspace/VCS/github.com/loft-orbital/cuebe/pkg/manifest/instance.go /Users/thomas/Workspace/VCS/github.com/loft-orbital/cuebe/pkg/manifest/manifest.go /Users/thomas/Workspace/VCS/github.com/loft-orbital/cuebe/pkg/manifest/operation.go /Users/thomas/Workspace/VCS/github.com/loft-orbital/cuebe/pkg/modfile/parse.go /Users/thomas/Workspace/VCS/github.com/loft-orbital/cuebe/pkg/modfile/types.go /Users/thomas/Workspace/VCS/github.com/loft-orbital/cuebe/pkg/unifier/marshal.go /Users/thomas/Workspace/VCS/github.com/loft-orbital/cuebe/pkg/unifier/readfile.go /Users/thomas/Workspace/VCS/github.com/loft-orbital/cuebe/pkg/unifier/unifier.go
#  Phony target (prerequisite of .PHONY).
#  Implicit rule search has not been done.
#  File does not exist.
#  File has not been updated.
#  commands to execute (from `Makefile', line 34):
	$(GOTEST) -run=xxx -bench=. ./...
	

# Not a target:
/Users/thomas/Workspace/VCS/github.com/loft-orbital/cuebe/pkg/unifier/unifier.go:
#  Implicit rule search has not been done.
#  Modification time never checked.
#  File has not been updated.

# Not a target:
/Users/thomas/Workspace/VCS/github.com/loft-orbital/cuebe/internal/mod/get.go:
#  Implicit rule search has not been done.
#  Modification time never checked.
#  File has not been updated.

# Not a target:
/Users/thomas/Workspace/VCS/github.com/loft-orbital/cuebe/pkg/modfile/parse.go:
#  Implicit rule search has not been done.
#  Modification time never checked.
#  File has not been updated.

# Not a target:
/Users/thomas/Workspace/VCS/github.com/loft-orbital/cuebe/internal/mod/mvs.go:
#  Implicit rule search has not been done.
#  Modification time never checked.
#  File has not been updated.

# Not a target:
README.md:
#  Implicit rule search has not been done.
#  Modification time never checked.
#  File has not been updated.

# Not a target:
/Users/thomas/Workspace/VCS/github.com/loft-orbital/cuebe/cmd/cuebe/factory/build.go:
#  Implicit rule search has not been done.
#  Modification time never checked.
#  File has not been updated.

# Not a target:
/Users/thomas/Workspace/VCS/github.com/loft-orbital/cuebe/pkg/instance/named.go:
#  Implicit rule search has not been done.
#  Modification time never checked.
#  File has not been updated.

# Not a target:
/Users/thomas/Workspace/VCS/github.com/loft-orbital/cuebe/pkg/instance/instance.go:
#  Implicit rule search has not been done.
#  Modification time never checked.
#  File has not been updated.

doc: /Users/thomas/Workspace/VCS/github.com/loft-orbital/cuebe/cmd/cuebe/main.go /Users/thomas/Workspace/VCS/github.com/loft-orbital/cuebe/cmd/cuebe/cmd/apply.go /Users/thomas/Workspace/VCS/github.com/loft-orbital/cuebe/cmd/cuebe/cmd/delete.go /Users/thomas/Workspace/VCS/github.com/loft-orbital/cuebe/cmd/cuebe/cmd/export.go /Users/thomas/Workspace/VCS/github.com/loft-orbital/cuebe/cmd/cuebe/cmd/install.go /Users/thomas/Workspace/VCS/github.com/loft-orbital/cuebe/cmd/cuebe/cmd/pack.go /Users/thomas/Workspace/VCS/github.com/loft-orbital/cuebe/cmd/cuebe/cmd/root.go /Users/thomas/Workspace/VCS/github.com/loft-orbital/cuebe/cmd/cuebe/cmd/version.go /Users/thomas/Workspace/VCS/github.com/loft-orbital/cuebe/cmd/cuebe/cmd/mod/gen.go /Users/thomas/Workspace/VCS/github.com/loft-orbital/cuebe/cmd/cuebe/cmd/mod/root.go /Users/thomas/Workspace/VCS/github.com/loft-orbital/cuebe/cmd/cuebe/cmd/mod/vendor.go /Users/thomas/Workspace/VCS/github.com/loft-orbital/cuebe/cmd/cuebe/factory/build.go /Users/thomas/Workspace/VCS/github.com/loft-orbital/cuebe/cmd/cuebe/factory/buildcontext.go /Users/thomas/Workspace/VCS/github.com/loft-orbital/cuebe/cmd/cuebe/factory/metaoptions.go /Users/thomas/Workspace/VCS/github.com/loft-orbital/cuebe/cmd/cuebe/factory/prerun.go /Users/thomas/Workspace/VCS/github.com/loft-orbital/cuebe/cmd/cuebe/prompt/yesno.go /Users/thomas/Workspace/VCS/github.com/loft-orbital/cuebe/doc/main.go /Users/thomas/Workspace/VCS/github.com/loft-orbital/cuebe/doc/cli/cli.go /Users/thomas/Workspace/VCS/github.com/loft-orbital/cuebe/doc/cli/nav.go /Users/thomas/Workspace/VCS/github.com/loft-orbital/cuebe/internal/gen/go.go /Users/thomas/Workspace/VCS/github.com/loft-orbital/cuebe/internal/mock/cluster.go /Users/thomas/Workspace/VCS/github.com/loft-orbital/cuebe/internal/mod/cache.go /Users/thomas/Workspace/VCS/github.com/loft-orbital/cuebe/internal/mod/get.go /Users/thomas/Workspace/VCS/github.com/loft-orbital/cuebe/internal/mod/meta.go /Users/thomas/Workspace/VCS/github.com/loft-orbital/cuebe/internal/mod/mvs.go /Users/thomas/Workspace/VCS/github.com/loft-orbital/cuebe/internal/mod/netrc.go /Users/thomas/Workspace/VCS/github.com/loft-orbital/cuebe/internal/mod/private.go /Users/thomas/Workspace/VCS/github.com/loft-orbital/cuebe/internal/mvs/mvs.go /Users/thomas/Workspace/VCS/github.com/loft-orbital/cuebe/internal/utils/errors.go /Users/thomas/Workspace/VCS/github.com/loft-orbital/cuebe/internal/utils/k8s.go /Users/thomas/Workspace/VCS/github.com/loft-orbital/cuebe/pkg/build/build.go /Users/thomas/Workspace/VCS/github.com/loft-orbital/cuebe/pkg/context/context.go /Users/thomas/Workspace/VCS/github.com/loft-orbital/cuebe/pkg/injector/error.go /Users/thomas/Workspace/VCS/github.com/loft-orbital/cuebe/pkg/injector/file.go /Users/thomas/Workspace/VCS/github.com/loft-orbital/cuebe/pkg/injector/inject.go /Users/thomas/Workspace/VCS/github.com/loft-orbital/cuebe/pkg/injector/types.go /Users/thomas/Workspace/VCS/github.com/loft-orbital/cuebe/pkg/instance/crd.go /Users/thomas/Workspace/VCS/github.com/loft-orbital/cuebe/pkg/instance/instance 
.go /Users/thomas/Workspace/VCS/github.com/loft-orbital/cuebe/pkg/instance/named.go /Users/thomas/Workspace/VCS/github.com/loft-orbital/cuebe/pkg/instance/orphan.go /Users/thomas/Workspace/VCS/github.com/loft-orbital/cuebe/pkg/log/context.go /Users/thomas/Workspace/VCS/github.com/loft-orbital/cuebe/pkg/log/discard.go /Users/thomas/Workspace/VCS/github.com/loft-orbital/cuebe/pkg/log/interface.go /Users/thomas/Workspace/VCS/github.com/loft-orbital/cuebe/pkg/log/io.go /Users/thomas/Workspace/VCS/github.com/loft-orbital/cuebe/pkg/manifest/extract.go /Users/thomas/Workspace/VCS/github.com/loft-orbital/cuebe/pkg/manifest/id.go /Users/thomas/Workspace/VCS/github.com/loft-orbital/cuebe/pkg/manifest/instance.go /Users/thomas/Workspace/VCS/github.com/loft-orbital/cuebe/pkg/manifest/manifest.go /Users/thomas/Workspace/VCS/github.com/loft-orbital/cuebe/pkg/manifest/operation.go /Users/thomas/Workspace/VCS/github.com/loft-orbital/cuebe/pkg/modfile/parse.go /Users/thomas/Workspace/VCS/github.com/loft-orbital/cuebe/pkg/modfile/types.go /Users/thomas/Workspace/VCS/github.com/loft-orbital/cuebe/pkg/unifier/marshal.go /Users/thomas/Workspace/VCS/github.com/loft-orbital/cuebe/pkg/unifier/readfile.go /Users/thomas/Workspace/VCS/github.com/loft-orbital/cuebe/pkg/unifier/unifier.go README.md
#  Phony target (prerequisite of .PHONY).
#  Implicit rule search has not been done.
#  File does not exist.
#  File has not been updated.
#  commands to execute (from `Makefile', line 38):
	$(GOCMD) run doc/main.go
	

# Not a target:
/Users/thomas/Workspace/VCS/github.com/loft-orbital/cuebe/cmd/cuebe/cmd/apply.go:
#  Implicit rule search has not been done.
#  Modification time never checked.
#  File has not been updated.

# files hash-table stats:
# Load=67/1024=7%, Rehash=0, Collisions=44/416=11%
# VPATH Search Paths

# No `vpath' search paths.

# No general (`VPATH' variable) search path.

# # of strings in strcache: 1
# # of strcache buffers: 1
# strcache size: total = 4096 / max = 4096 / min = 4096 / avg = 4096
# strcache free: total = 4087 / max = 4087 / min = 4087 / avg = 4087

# Finished Make data base on Wed Aug  3 11:06:10 2022

 
